Arguments: 
  /Users/david/.nvm/versions/node/v8.11.1/bin/node /usr/local/Cellar/yarn/1.5.1/libexec/bin/yarn.js run lint

PATH: 
  /usr/local/share/python:/Users/david/.nvm/versions/node/v8.11.1/bin:/Users/david/.rbenv/shims:/usr/local/opt/rbenv/bin:/Library/Frameworks/Python.framework/Versions/3.6/bin:/usr/local/bin:/usr/bin:/bin:/usr/sbin:/sbin

Yarn version: 
  1.5.1

Node version: 
  8.11.1

Platform: 
  darwin x64

npm manifest: 
  {
    "name": "freeformers",
    "version": "1.0.0",
    "main": "index.js",
    "license": "MIT",
    "scripts": {
      "lint": "prettier --write"
    },
    "dependencies": {
      "fast-csv": "^2.4.1",
      "lodash": "^4.17.5",
      "prettier": "^1.11.1"
    }
  }

yarn manifest: 
  No manifest

Lockfile: 
  # THIS IS AN AUTOGENERATED FILE. DO NOT EDIT THIS FILE DIRECTLY.
  # yarn lockfile v1
  
  
  arguments-extended@~0.0.3:
    version "0.0.3"
    resolved "https://registry.yarnpkg.com/arguments-extended/-/arguments-extended-0.0.3.tgz#6107e4917d0eb6f0a4dd66320fc15afc72ef4946"
    dependencies:
      extended "~0.0.3"
      is-extended "~0.0.8"
  
  array-extended@~0.0.3, array-extended@~0.0.4, array-extended@~0.0.5:
    version "0.0.11"
    resolved "https://registry.yarnpkg.com/array-extended/-/array-extended-0.0.11.tgz#d7144ae748de93ca726f121009dbff1626d164bd"
    dependencies:
      arguments-extended "~0.0.3"
      extended "~0.0.3"
      is-extended "~0.0.3"
  
  date-extended@~0.0.3:
    version "0.0.6"
    resolved "https://registry.yarnpkg.com/date-extended/-/date-extended-0.0.6.tgz#23802d57dd1bf7818813fe0c32e851a86da267c9"
    dependencies:
      array-extended "~0.0.3"
      extended "~0.0.3"
      is-extended "~0.0.3"
  
  declare.js@~0.0.4:
    version "0.0.8"
    resolved "https://registry.yarnpkg.com/declare.js/-/declare.js-0.0.8.tgz#0478adff9564c004f51df73d8bc134019d28dcde"
  
  extended@0.0.6, extended@~0.0.3:
    version "0.0.6"
    resolved "https://registry.yarnpkg.com/extended/-/extended-0.0.6.tgz#7fb8bf7b9dae397586e48570acfd642c78e50669"
    dependencies:
      extender "~0.0.5"
  
  extender@~0.0.5:
    version "0.0.10"
    resolved "https://registry.yarnpkg.com/extender/-/extender-0.0.10.tgz#589c07482be61a1460b6d81f9c24aa67e8f324cd"
    dependencies:
      declare.js "~0.0.4"
  
  fast-csv@^2.4.1:
    version "2.4.1"
    resolved "https://registry.yarnpkg.com/fast-csv/-/fast-csv-2.4.1.tgz#bd7dd268391f729367b59445b8dd0ad026881b26"
    dependencies:
      extended "0.0.6"
      is-extended "0.0.10"
      object-extended "0.0.7"
      string-extended "0.0.8"
  
  is-extended@0.0.10, is-extended@~0.0.3, is-extended@~0.0.8:
    version "0.0.10"
    resolved "https://registry.yarnpkg.com/is-extended/-/is-extended-0.0.10.tgz#244e140df75bb1c9a3106f412ff182fb534a6d62"
    dependencies:
      extended "~0.0.3"
  
  lodash@^4.17.5:
    version "4.17.5"
    resolved "https://registry.yarnpkg.com/lodash/-/lodash-4.17.5.tgz#99a92d65c0272debe8c96b6057bc8fbfa3bed511"
  
  object-extended@0.0.7:
    version "0.0.7"
    resolved "https://registry.yarnpkg.com/object-extended/-/object-extended-0.0.7.tgz#84fd23f56b15582aeb3e88b05cb55d2432d68a33"
    dependencies:
      array-extended "~0.0.4"
      extended "~0.0.3"
      is-extended "~0.0.3"
  
  prettier@^1.11.1:
    version "1.11.1"
    resolved "https://registry.yarnpkg.com/prettier/-/prettier-1.11.1.tgz#61e43fc4cd44e68f2b0dfc2c38cd4bb0fccdcc75"
  
  string-extended@0.0.8:
    version "0.0.8"
    resolved "https://registry.yarnpkg.com/string-extended/-/string-extended-0.0.8.tgz#741957dff487b0272a79eec5a44f239ee6f17ccd"
    dependencies:
      array-extended "~0.0.5"
      date-extended "~0.0.3"
      extended "~0.0.3"
      is-extended "~0.0.3"

Trace: 
  Error: Command failed.
  Exit code: 1
  Command: sh
  Arguments: -c prettier --write
  Directory: /Users/david/workspace/freeformers
  Output:
  
      at ProcessTermError.MessageError (/usr/local/Cellar/yarn/1.5.1/libexec/lib/cli.js:186:110)
      at new ProcessTermError (/usr/local/Cellar/yarn/1.5.1/libexec/lib/cli.js:226:113)
      at ChildProcess.<anonymous> (/usr/local/Cellar/yarn/1.5.1/libexec/lib/cli.js:30281:17)
      at emitTwo (events.js:126:13)
      at ChildProcess.emit (events.js:214:7)
      at maybeClose (internal/child_process.js:925:16)
      at Process.ChildProcess._handle.onexit (internal/child_process.js:209:5)
